[3.856s] DEBUG:colcon:Command line arguments: ['/usr/bin/colcon', 'build', '--packages-select', 'GuideBot']
[3.857s] DEBUG:colcon:Parsed command line arguments: Namespace(log_base=None, log_level=None, verb_name='build', build_base='build', install_base='install', merge_install=False, symlink_install=False, test_result_base=None, continue_on_error=False, executor='parallel', parallel_workers=4, event_handlers=None, ignore_user_meta=False, metas=['./colcon.meta'], base_paths=['.'], packages_ignore=None, packages_ignore_regex=None, paths=None, packages_up_to=None, packages_up_to_regex=None, packages_above=None, packages_above_and_dependencies=None, packages_above_depth=None, packages_select_by_dep=None, packages_skip_by_dep=None, packages_skip_up_to=None, packages_select_build_failed=False, packages_skip_build_finished=False, packages_select_test_failures=False, packages_skip_test_passed=False, packages_select=['GuideBot'], packages_skip=None, packages_select_regex=None, packages_skip_regex=None, packages_start=None, packages_end=None, allow_overriding=[], cmake_args=None, cmake_target=None, cmake_target_skip_unavailable=False, cmake_clean_cache=False, cmake_clean_first=False, cmake_force_configure=False, ament_cmake_args=None, catkin_cmake_args=None, catkin_skip_building_tests=False, verb_parser=<colcon_defaults.argument_parser.defaults.DefaultArgumentsDecorator object at 0xffff8d24b790>, verb_extension=<colcon_core.verb.build.BuildVerb object at 0xffff8d1fdfc0>, main=<bound method BuildVerb.main of <colcon_core.verb.build.BuildVerb object at 0xffff8d1fdfc0>>)
[10.002s] Level 1:colcon.colcon_core.package_discovery:discover_packages(colcon_meta) check parameters
[10.004s] Level 1:colcon.colcon_core.package_discovery:discover_packages(recursive) check parameters
[10.004s] Level 1:colcon.colcon_core.package_discovery:discover_packages(ignore) check parameters
[10.005s] Level 1:colcon.colcon_core.package_discovery:discover_packages(path) check parameters
[10.005s] Level 1:colcon.colcon_core.package_discovery:discover_packages(colcon_meta) discover
[10.005s] Level 1:colcon.colcon_core.package_discovery:discover_packages(recursive) discover
[10.006s] INFO:colcon.colcon_core.package_discovery:Crawling recursively for packages in '/home/ubuntu/ros2_ws/src/GuideBot/GuideBot/audio_stuff'
[10.007s] Level 1:colcon.colcon_core.package_identification:_identify(.) by extensions ['ignore', 'ignore_ament_install']
[10.008s] Level 1:colcon.colcon_core.package_identification:_identify(.) by extension 'ignore'
[10.009s] Level 1:colcon.colcon_core.package_identification:_identify(.) by extension 'ignore_ament_install'
[10.010s] Level 1:colcon.colcon_core.package_identification:_identify(.) by extensions ['colcon_pkg']
[10.010s] Level 1:colcon.colcon_core.package_identification:_identify(.) by extension 'colcon_pkg'
[10.012s] Level 1:colcon.colcon_core.package_identification:_identify(.) by extensions ['colcon_meta']
[10.012s] Level 1:colcon.colcon_core.package_identification:_identify(.) by extension 'colcon_meta'
[10.012s] Level 1:colcon.colcon_core.package_identification:_identify(.) by extensions ['ros']
[10.013s] Level 1:colcon.colcon_core.package_identification:_identify(.) by extension 'ros'
[10.235s] Level 1:colcon.colcon_core.package_identification:_identify(.) by extensions ['cmake', 'python']
[10.236s] Level 1:colcon.colcon_core.package_identification:_identify(.) by extension 'cmake'
[10.236s] Level 1:colcon.colcon_core.package_identification:_identify(.) by extension 'python'
[10.237s] Level 1:colcon.colcon_core.package_identification:_identify(.) by extensions ['python_setup_py']
[10.239s] Level 1:colcon.colcon_core.package_identification:_identify(.) by extension 'python_setup_py'
[10.241s] Level 1:colcon.colcon_core.package_identification:_identify(build) by extensions ['ignore', 'ignore_ament_install']
[10.241s] Level 1:colcon.colcon_core.package_identification:_identify(build) by extension 'ignore'
[10.242s] Level 1:colcon.colcon_core.package_identification:_identify(build) ignored
[10.245s] Level 1:colcon.colcon_core.package_identification:_identify(install) by extensions ['ignore', 'ignore_ament_install']
[10.246s] Level 1:colcon.colcon_core.package_identification:_identify(install) by extension 'ignore'
[10.246s] Level 1:colcon.colcon_core.package_identification:_identify(install) ignored
[10.247s] Level 1:colcon.colcon_core.package_identification:_identify(log) by extensions ['ignore', 'ignore_ament_install']
[10.250s] Level 1:colcon.colcon_core.package_identification:_identify(log) by extension 'ignore'
[10.250s] Level 1:colcon.colcon_core.package_identification:_identify(log) ignored
[10.251s] Level 1:colcon.colcon_core.package_identification:_identify(tmp) by extensions ['ignore', 'ignore_ament_install']
[10.252s] Level 1:colcon.colcon_core.package_identification:_identify(tmp) by extension 'ignore'
[10.254s] Level 1:colcon.colcon_core.package_identification:_identify(tmp) by extension 'ignore_ament_install'
[10.255s] Level 1:colcon.colcon_core.package_identification:_identify(tmp) by extensions ['colcon_pkg']
[10.255s] Level 1:colcon.colcon_core.package_identification:_identify(tmp) by extension 'colcon_pkg'
[10.256s] Level 1:colcon.colcon_core.package_identification:_identify(tmp) by extensions ['colcon_meta']
[10.256s] Level 1:colcon.colcon_core.package_identification:_identify(tmp) by extension 'colcon_meta'
[10.257s] Level 1:colcon.colcon_core.package_identification:_identify(tmp) by extensions ['ros']
[10.258s] Level 1:colcon.colcon_core.package_identification:_identify(tmp) by extension 'ros'
[10.260s] Level 1:colcon.colcon_core.package_identification:_identify(tmp) by extensions ['cmake', 'python']
[10.260s] Level 1:colcon.colcon_core.package_identification:_identify(tmp) by extension 'cmake'
[10.261s] Level 1:colcon.colcon_core.package_identification:_identify(tmp) by extension 'python'
[10.262s] Level 1:colcon.colcon_core.package_identification:_identify(tmp) by extensions ['python_setup_py']
[10.262s] Level 1:colcon.colcon_core.package_identification:_identify(tmp) by extension 'python_setup_py'
[10.264s] Level 1:colcon.colcon_core.package_discovery:discover_packages(recursive) using defaults
[10.265s] Level 1:colcon.colcon_core.package_discovery:discover_packages(ignore) discover
[10.265s] Level 1:colcon.colcon_core.package_discovery:discover_packages(ignore) using defaults
[10.265s] Level 1:colcon.colcon_core.package_discovery:discover_packages(path) discover
[10.266s] Level 1:colcon.colcon_core.package_discovery:discover_packages(path) using defaults
[10.267s] WARNING:colcon.colcon_core.package_selection:ignoring unknown package 'GuideBot' in --packages-select
[10.810s] Level 1:colcon.colcon_core.package_discovery:discover_packages(prefix_path) check parameters
[10.811s] Level 1:colcon.colcon_core.package_discovery:discover_packages(prefix_path) discover
[11.045s] DEBUG:colcon.colcon_installed_package_information.package_discovery:Found 26 installed packages in /home/ubuntu/ros2_ws/install
[11.077s] DEBUG:colcon.colcon_installed_package_information.package_discovery:Found 276 installed packages in /opt/ros/humble
[11.095s] Level 1:colcon.colcon_core.package_discovery:discover_packages(prefix_path) using defaults
[12.685s] INFO:colcon.colcon_core.executor:Executing jobs using 'parallel' executor
[12.698s] DEBUG:colcon.colcon_parallel_executor.executor.parallel:run_until_complete
[12.700s] DEBUG:colcon.colcon_parallel_executor.executor.parallel:closing loop
[12.701s] DEBUG:colcon.colcon_parallel_executor.executor.parallel:loop closed
[12.702s] DEBUG:colcon.colcon_parallel_executor.executor.parallel:run_until_complete finished with '0'
[12.703s] DEBUG:colcon.colcon_core.event_reactor:joining thread
[12.856s] INFO:colcon.colcon_core.plugin_system:Skipping extension 'colcon_notification.desktop_notification.terminal_notifier': Not used on non-Darwin systems
[12.856s] INFO:colcon.colcon_core.plugin_system:Skipping extension 'colcon_notification.desktop_notification.win32': Not used on non-Windows systems
[12.857s] INFO:colcon.colcon_notification.desktop_notification:Sending desktop notification using 'notify2'
[13.059s] DEBUG:colcon.colcon_core.event_reactor:joined thread
[13.167s] INFO:colcon.colcon_core.plugin_system:Skipping extension 'colcon_core.shell.bat': Not used on non-Windows systems
[13.173s] INFO:colcon.colcon_core.shell:Creating prefix script '/home/ubuntu/ros2_ws/src/GuideBot/GuideBot/audio_stuff/install/local_setup.ps1'
[13.198s] INFO:colcon.colcon_core.shell:Creating prefix util module '/home/ubuntu/ros2_ws/src/GuideBot/GuideBot/audio_stuff/install/_local_setup_util_ps1.py'
[13.224s] INFO:colcon.colcon_core.shell:Creating prefix chain script '/home/ubuntu/ros2_ws/src/GuideBot/GuideBot/audio_stuff/install/setup.ps1'
[13.340s] INFO:colcon.colcon_core.shell:Creating prefix script '/home/ubuntu/ros2_ws/src/GuideBot/GuideBot/audio_stuff/install/local_setup.sh'
[13.373s] INFO:colcon.colcon_core.shell:Creating prefix util module '/home/ubuntu/ros2_ws/src/GuideBot/GuideBot/audio_stuff/install/_local_setup_util_sh.py'
[13.399s] INFO:colcon.colcon_core.shell:Creating prefix chain script '/home/ubuntu/ros2_ws/src/GuideBot/GuideBot/audio_stuff/install/setup.sh'
[13.561s] INFO:colcon.colcon_core.shell:Creating prefix script '/home/ubuntu/ros2_ws/src/GuideBot/GuideBot/audio_stuff/install/local_setup.bash'
[13.587s] INFO:colcon.colcon_core.shell:Creating prefix chain script '/home/ubuntu/ros2_ws/src/GuideBot/GuideBot/audio_stuff/install/setup.bash'
[13.661s] INFO:colcon.colcon_core.shell:Creating prefix script '/home/ubuntu/ros2_ws/src/GuideBot/GuideBot/audio_stuff/install/local_setup.zsh'
[13.679s] INFO:colcon.colcon_core.shell:Creating prefix chain script '/home/ubuntu/ros2_ws/src/GuideBot/GuideBot/audio_stuff/install/setup.zsh'
